# JRE version: OpenJDK Runtime Environment Temurin-17.0.8.1+1 (17.0.8.1+1) (build 17.0.8.1+1)
# Java VM: OpenJDK 64-Bit Server VM Temurin-17.0.8.1+1 (17.0.8.1+1, mixed mode, sharing, tiered, compressed oops, compressed class ptrs, g1 gc, windows-amd64)
GC Precious Log:
 CPUs: 8 total, 8 available
 Memory: 16286M
 Large Page Support: Disabled
 NUMA Support: Disabled
 Compressed Oops: Enabled (Zero based)
 Heap Region Size: 2M
 Heap Min Capacity: 8M
 Heap Initial Capacity: 256M
 Heap Max Capacity: 4072M
 Pre-touch: Disabled
 Parallel Workers: 8
 Concurrent Workers: 2
 Concurrent Refinement Workers: 8
 Periodic GC: Disabled
Heap:
 garbage-first heap   total 55296K, used 23464K [0x0000000701800000, 0x0000000800000000)
  region size 2048K, 2 young (4096K), 2 survivors (4096K)
 Metaspace       used 54680K, committed 55104K, reserved 1114112K
  class space    used 7625K, committed 7808K, reserved 1048576K
GC Heap History (20 events):
Event: 1.616 GC heap after
{Heap after GC invocations=3 (full 0):
 garbage-first heap   total 262144K, used 12290K [0x0000000701800000, 0x0000000800000000)
  region size 2048K, 4 young (8192K), 4 survivors (8192K)
 Metaspace       used 20622K, committed 20928K, reserved 1114112K
  class space    used 2645K, committed 2816K, reserved 1048576K
}
Event: 1.686 GC heap before
{Heap before GC invocations=3 (full 0):
 garbage-first heap   total 262144K, used 16386K [0x0000000701800000, 0x0000000800000000)
  region size 2048K, 7 young (14336K), 4 survivors (8192K)
 Metaspace       used 21215K, committed 21504K, reserved 1114112K
  class space    used 2728K, committed 2880K, reserved 1048576K
}
Event: 1.689 GC heap after
{Heap after GC invocations=4 (full 0):
 garbage-first heap   total 262144K, used 12254K [0x0000000701800000, 0x0000000800000000)
  region size 2048K, 4 young (8192K), 4 survivors (8192K)
 Metaspace       used 21215K, committed 21504K, reserved 1114112K
  class space    used 2728K, committed 2880K, reserved 1048576K
}
Event: 2.156 GC heap before
{Heap before GC invocations=5 (full 0):
 garbage-first heap   total 55296K, used 36830K [0x0000000701800000, 0x0000000800000000)
  region size 2048K, 17 young (34816K), 4 survivors (8192K)
 Metaspace       used 25148K, committed 25536K, reserved 1114112K
  class space    used 3325K, committed 3520K, reserved 1048576K
}
Event: 2.162 GC heap after
{Heap after GC invocations=6 (full 0):
 garbage-first heap   total 55296K, used 14359K [0x0000000701800000, 0x0000000800000000)
  region size 2048K, 5 young (10240K), 5 survivors (10240K)
 Metaspace       used 25148K, committed 25536K, reserved 1114112K
  class space    used 3325K, committed 3520K, reserved 1048576K
}
Event: 2.764 GC heap before
{Heap before GC invocations=6 (full 0):
 garbage-first heap   total 55296K, used 34839K [0x0000000701800000, 0x0000000800000000)
  region size 2048K, 16 young (32768K), 5 survivors (10240K)
 Metaspace       used 30945K, committed 31232K, reserved 1114112K
  class space    used 4027K, committed 4160K, reserved 1048576K
}
Event: 2.770 GC heap after
{Heap after GC invocations=7 (full 0):
 garbage-first heap   total 55296K, used 16362K [0x0000000701800000, 0x0000000800000000)
  region size 2048K, 2 young (4096K), 2 survivors (4096K)
 Metaspace       used 30945K, committed 31232K, reserved 1114112K
  class space    used 4027K, committed 4160K, reserved 1048576K
}
Event: 3.066 GC heap before
{Heap before GC invocations=7 (full 0):
 garbage-first heap   total 55296K, used 36842K [0x0000000701800000, 0x0000000800000000)
  region size 2048K, 12 young (24576K), 2 survivors (4096K)
 Metaspace       used 35085K, committed 35520K, reserved 1114112K
  class space    used 4695K, committed 4928K, reserved 1048576K
}
Event: 3.068 GC heap after
{Heap after GC invocations=8 (full 0):
 garbage-first heap   total 55296K, used 16929K [0x0000000701800000, 0x0000000800000000)
  region size 2048K, 2 young (4096K), 2 survivors (4096K)
 Metaspace       used 35085K, committed 35520K, reserved 1114112K
  class space    used 4695K, committed 4928K, reserved 1048576K
}
Event: 3.106 GC heap before
{Heap before GC invocations=8 (full 0):
 garbage-first heap   total 55296K, used 18977K [0x0000000701800000, 0x0000000800000000)
  region size 2048K, 4 young (8192K), 2 survivors (4096K)
 Metaspace       used 35595K, committed 35968K, reserved 1114112K
  class space    used 4767K, committed 4992K, reserved 1048576K
}
Event: 3.109 GC heap after
{Heap after GC invocations=9 (full 0):
 garbage-first heap   total 55296K, used 16907K [0x0000000701800000, 0x0000000800000000)
  region size 2048K, 1 young (2048K), 1 survivors (2048K)
 Metaspace       used 35595K, committed 35968K, reserved 1114112K
  class space    used 4767K, committed 4992K, reserved 1048576K
}
Event: 3.426 GC heap before
{Heap before GC invocations=10 (full 0):
 garbage-first heap   total 55296K, used 39435K [0x0000000701800000, 0x0000000800000000)
  region size 2048K, 12 young (24576K), 1 survivors (2048K)
 Metaspace       used 40391K, committed 40832K, reserved 1114112K
  class space    used 5420K, committed 5632K, reserved 1048576K
}
Event: 3.429 GC heap after
{Heap after GC invocations=11 (full 0):
 garbage-first heap   total 55296K, used 17936K [0x0000000701800000, 0x0000000800000000)
  region size 2048K, 2 young (4096K), 2 survivors (4096K)
 Metaspace       used 40391K, committed 40832K, reserved 1114112K
  class space    used 5420K, committed 5632K, reserved 1048576K
}
Event: 3.767 GC heap before
{Heap before GC invocations=12 (full 0):
 garbage-first heap   total 55296K, used 40464K [0x0000000701800000, 0x0000000800000000)
  region size 2048K, 13 young (26624K), 2 survivors (4096K)
 Metaspace       used 46139K, committed 46592K, reserved 1114112K
  class space    used 6436K, committed 6656K, reserved 1048576K
}
Event: 3.769 GC heap after
{Heap after GC invocations=13 (full 0):
 garbage-first heap   total 55296K, used 18861K [0x0000000701800000, 0x0000000800000000)
  region size 2048K, 2 young (4096K), 2 survivors (4096K)
 Metaspace       used 46139K, committed 46592K, reserved 1114112K
  class space    used 6436K, committed 6656K, reserved 1048576K
}
Event: 4.066 GC heap before
{Heap before GC invocations=13 (full 0):
 garbage-first heap   total 55296K, used 37293K [0x0000000701800000, 0x0000000800000000)
  region size 2048K, 12 young (24576K), 2 survivors (4096K)
 Metaspace       used 50221K, committed 50688K, reserved 1114112K
  class space    used 6986K, committed 7232K, reserved 1048576K
}
Event: 4.069 GC heap after
{Heap after GC invocations=14 (full 0):
 garbage-first heap   total 55296K, used 20235K [0x0000000701800000, 0x0000000800000000)
  region size 2048K, 2 young (4096K), 2 survivors (4096K)
 Metaspace       used 50221K, committed 50688K, reserved 1114112K
  class space    used 6986K, committed 7232K, reserved 1048576K
}
Event: 4.363 GC heap before
{Heap before GC invocations=14 (full 0):
 garbage-first heap   total 55296K, used 40715K [0x0000000701800000, 0x0000000800000000)
  region size 2048K, 12 young (24576K), 2 survivors (4096K)
 Metaspace       used 52473K, committed 52928K, reserved 1114112K
  class space    used 7327K, committed 7552K, reserved 1048576K
}
Event: 4.367 GC heap after
{Heap after GC invocations=15 (full 0):
 garbage-first heap   total 55296K, used 22051K [0x0000000701800000, 0x0000000800000000)
  region size 2048K, 2 young (4096K), 2 survivors (4096K)
 Metaspace       used 52473K, committed 52928K, reserved 1114112K
  class space    used 7327K, committed 7552K, reserved 1048576K
}
Event: 4.617 GC heap before
{Heap before GC invocations=15 (full 0):
 garbage-first heap   total 55296K, used 40483K [0x0000000701800000, 0x0000000800000000)
  region size 2048K, 11 young (22528K), 2 survivors (4096K)
 Metaspace       used 54680K, committed 55104K, reserved 1114112K
  class space    used 7625K, committed 7808K, reserved 1048576K
}

